<?xml version="1.0" encoding="UTF-8"?>
<!-- Generated by org.testng.reporters.JUnitReportReporter -->
<testsuite skipped="0" hostname="hp" name="com.testng.JenkinsDemoFile" tests="1" failures="0" timestamp="27 May 2020 21:34:34 GMT" time="0.020" errors="0">
  <testcase name="demo" time="0.020" classname="com.testng.JenkinsDemoFile"/>
</testsuite> <!-- com.testng.JenkinsDemoFile -->
